{"level":"info","message":"⌛ Building environment","timeElapsed":112,"timestamp":"2024-09-23T23:04:33.768Z"}
{"level":"info","message":"onRequest - completionItem/resolve","timestamp":"2024-09-23T23:04:33.954Z"}
{"level":"info","message":"⌛ Validating src/pepita.wlk","timeElapsed":137,"timestamp":"2024-09-23T23:04:34.092Z"}
{"level":"info","message":"⌛ Building environment","timeElapsed":117,"timestamp":"2024-09-23T23:04:34.216Z"}
{"level":"info","message":"onRequest - completionItem/resolve","timestamp":"2024-09-23T23:04:34.220Z"}
{"level":"info","message":"onRequest - completionItem/resolve","timestamp":"2024-09-23T23:04:34.306Z"}
{"level":"info","message":"⌛ Validating src/pepita.wlk","timeElapsed":105,"timestamp":"2024-09-23T23:04:34.413Z"}
{"level":"info","message":"⌛ Building environment","timeElapsed":109,"timestamp":"2024-09-23T23:04:34.944Z"}
{"level":"info","message":"⌛ Validating src/pepita.wlk","timeElapsed":226,"timestamp":"2024-09-23T23:04:36.256Z"}
{"level":"info","message":"⌛ Building environment","timeElapsed":163,"timestamp":"2024-09-23T23:05:06.135Z"}
{"level":"info","message":"⌛ Validating src/pepita.wlk","timeElapsed":105,"timestamp":"2024-09-23T23:05:06.242Z"}
{"level":"info","message":"⌛ Building environment","timeElapsed":146,"timestamp":"2024-09-23T23:05:06.579Z"}
{"level":"info","message":"⌛ Building environment","timeElapsed":104,"timestamp":"2024-09-23T23:05:06.684Z"}
{"level":"info","message":"⌛ Validating src/pepita.wlk","timeElapsed":131,"timestamp":"2024-09-23T23:05:06.920Z"}
{"level":"info","message":"⌛ Building environment","timeElapsed":121,"timestamp":"2024-09-23T23:05:11.102Z"}
{"level":"error","message":"✘ Completions for node failed: Error: [Send]{d072d6} at src/pepita.wlk:97 exhausted all cases without a match [Send]{d072d6} at src/pepita.wlk:97 exhausted all cases without a match","stack":"Error: [Send]{d072d6} at src/pepita.wlk:97 exhausted all cases without a match\n    at c:\\Users\\matia\\.vscode\\extensions\\uqbar.wollok-lsp-ide-0.3.4\\node_modules\\wollok-ts\\dist\\extensions.js:85:11\n    at completionsForNode (c:\\Users\\matia\\.vscode\\extensions\\uqbar.wollok-lsp-ide-0.3.4\\server\\out\\functionalities\\autocomplete\\node-completion.js:10:44)\n    at completeForParent (c:\\Users\\matia\\.vscode\\extensions\\uqbar.wollok-lsp-ide-0.3.4\\server\\out\\functionalities\\autocomplete\\node-completion.js:56:43)\n    at completeReference (c:\\Users\\matia\\.vscode\\extensions\\uqbar.wollok-lsp-ide-0.3.4\\server\\out\\functionalities\\autocomplete\\node-completion.js:64:135)\n    at c:\\Users\\matia\\.vscode\\extensions\\uqbar.wollok-lsp-ide-0.3.4\\node_modules\\wollok-ts\\dist\\extensions.js:84:20\n    at completionsForNode (c:\\Users\\matia\\.vscode\\extensions\\uqbar.wollok-lsp-ide-0.3.4\\server\\out\\functionalities\\autocomplete\\node-completion.js:10:44)\n    at c:\\Users\\matia\\.vscode\\extensions\\uqbar.wollok-lsp-ide-0.3.4\\server\\out\\functionalities\\autocomplete\\autocomplete.js:26:154\n    at c:\\Users\\matia\\.vscode\\extensions\\uqbar.wollok-lsp-ide-0.3.4\\server\\out\\server.js:198:20\n    at c:\\Users\\matia\\.vscode\\extensions\\uqbar.wollok-lsp-ide-0.3.4\\server\\node_modules\\vscode-languageserver\\lib\\common\\server.js:593:20\n    at handleRequest (c:\\Users\\matia\\.vscode\\extensions\\uqbar.wollok-lsp-ide-0.3.4\\server\\node_modules\\vscode-jsonrpc\\lib\\common\\connection.js:493:41)","timestamp":"2024-09-23T23:05:11.124Z"}
{"level":"error","message":"✘ Completions for node failed: Error: [Return]{62e193} at src/pepita.wlk:97 exhausted all cases without a match [Return]{62e193} at src/pepita.wlk:97 exhausted all cases without a match","stack":"Error: [Return]{62e193} at src/pepita.wlk:97 exhausted all cases without a match\n    at c:\\Users\\matia\\.vscode\\extensions\\uqbar.wollok-lsp-ide-0.3.4\\node_modules\\wollok-ts\\dist\\extensions.js:85:11\n    at completionsForNode (c:\\Users\\matia\\.vscode\\extensions\\uqbar.wollok-lsp-ide-0.3.4\\server\\out\\functionalities\\autocomplete\\node-completion.js:10:44)\n    at completeForParent (c:\\Users\\matia\\.vscode\\extensions\\uqbar.wollok-lsp-ide-0.3.4\\server\\out\\functionalities\\autocomplete\\node-completion.js:56:43)\n    at completionsForNode (c:\\Users\\matia\\.vscode\\extensions\\uqbar.wollok-lsp-ide-0.3.4\\server\\out\\functionalities\\autocomplete\\node-completion.js:14:46)\n    at completeForParent (c:\\Users\\matia\\.vscode\\extensions\\uqbar.wollok-lsp-ide-0.3.4\\server\\out\\functionalities\\autocomplete\\node-completion.js:56:43)\n    at completeReference (c:\\Users\\matia\\.vscode\\extensions\\uqbar.wollok-lsp-ide-0.3.4\\server\\out\\functionalities\\autocomplete\\node-completion.js:64:135)\n    at c:\\Users\\matia\\.vscode\\extensions\\uqbar.wollok-lsp-ide-0.3.4\\node_modules\\wollok-ts\\dist\\extensions.js:84:20\n    at completionsForNode (c:\\Users\\matia\\.vscode\\extensions\\uqbar.wollok-lsp-ide-0.3.4\\server\\out\\functionalities\\autocomplete\\node-completion.js:10:44)\n    at c:\\Users\\matia\\.vscode\\extensions\\uqbar.wollok-lsp-ide-0.3.4\\server\\out\\functionalities\\autocomplete\\autocomplete.js:26:154\n    at c:\\Users\\matia\\.vscode\\extensions\\uqbar.wollok-lsp-ide-0.3.4\\server\\out\\server.js:198:20","timestamp":"2024-09-23T23:05:11.124Z"}
{"level":"info","message":"⌛ Validating src/pepita.wlk","timeElapsed":109,"timestamp":"2024-09-23T23:05:11.246Z"}
{"level":"info","message":"onRequest - completionItem/resolve","timestamp":"2024-09-23T23:05:11.351Z"}
{"level":"info","message":"⌛ Validating src/pepita.wlk","timeElapsed":123,"timestamp":"2024-09-23T23:05:11.476Z"}
{"level":"info","message":"onRequest - completionItem/resolve","timestamp":"2024-09-23T23:05:11.557Z"}
{"level":"info","message":"⌛ Building environment","timeElapsed":161,"timestamp":"2024-09-23T23:05:12.391Z"}
{"level":"info","message":"⌛ Validating src/pepita.wlk","timeElapsed":126,"timestamp":"2024-09-23T23:05:12.600Z"}
{"level":"info","message":"⌛ Validating src/pepita.wlk","timeElapsed":110,"timestamp":"2024-09-23T23:05:12.737Z"}
{"level":"info","message":"⌛ Validating src/pepita.wlk","timeElapsed":148,"timestamp":"2024-09-23T23:05:13.058Z"}
{"level":"info","message":"⌛ Building environment","timeElapsed":138,"timestamp":"2024-09-23T23:05:13.612Z"}
{"level":"info","message":"⌛ Validating src/pepita.wlk","timeElapsed":121,"timestamp":"2024-09-23T23:05:13.759Z"}
{"level":"info","message":"onRequest - completionItem/resolve","timestamp":"2024-09-23T23:05:13.761Z"}
{"level":"info","message":"onRequest - completionItem/resolve","timestamp":"2024-09-23T23:05:13.842Z"}
{"level":"info","message":"⌛ Validating src/pepita.wlk","timeElapsed":113,"timestamp":"2024-09-23T23:05:13.955Z"}
{"level":"info","message":"⌛ Building environment","timeElapsed":134,"timestamp":"2024-09-23T23:05:14.089Z"}
{"level":"info","message":"onRequest - completionItem/resolve","timestamp":"2024-09-23T23:05:14.090Z"}
{"level":"info","message":"onRequest - completionItem/resolve","timestamp":"2024-09-23T23:05:14.183Z"}
{"level":"info","message":"⌛ Validating src/pepita.wlk","timeElapsed":123,"timestamp":"2024-09-23T23:05:14.307Z"}
{"level":"info","message":"onRequest - completionItem/resolve","timestamp":"2024-09-23T23:05:14.401Z"}
{"level":"info","message":"⌛ Building environment","timeElapsed":108,"timestamp":"2024-09-23T23:05:14.715Z"}
{"level":"info","message":"onRequest - completionItem/resolve","timestamp":"2024-09-23T23:05:14.716Z"}
{"level":"info","message":"onRequest - completionItem/resolve","timestamp":"2024-09-23T23:05:14.800Z"}
{"level":"info","message":"onRequest - completionItem/resolve","timestamp":"2024-09-23T23:05:14.883Z"}
{"level":"info","message":"⌛ Validating src/pepita.wlk","timeElapsed":103,"timestamp":"2024-09-23T23:05:14.986Z"}
{"level":"info","message":"⌛ Validating src/pepita.wlk","timeElapsed":132,"timestamp":"2024-09-23T23:05:15.119Z"}
{"level":"info","message":"onRequest - completionItem/resolve","timestamp":"2024-09-23T23:05:15.300Z"}
{"level":"info","message":"⌛ Validating src/pepita.wlk","timeElapsed":142,"timestamp":"2024-09-23T23:05:38.386Z"}
{"level":"info","message":"⌛ Building environment","timeElapsed":131,"timestamp":"2024-09-23T23:05:38.517Z"}
{"level":"info","message":"⌛ Validating src/pepita.wlk","timeElapsed":124,"timestamp":"2024-09-23T23:05:39.266Z"}
{"level":"info","message":"onRequest - completionItem/resolve","timestamp":"2024-09-23T23:05:39.268Z"}
{"level":"info","message":"⌛ Validating src/pepita.wlk","timeElapsed":121,"timestamp":"2024-09-23T23:05:39.390Z"}
{"level":"info","message":"⌛ Building environment","timeElapsed":104,"timestamp":"2024-09-23T23:05:39.535Z"}
{"level":"info","message":"onRequest - completionItem/resolve","timestamp":"2024-09-23T23:05:39.536Z"}
{"level":"info","message":"onRequest - completionItem/resolve","timestamp":"2024-09-23T23:05:39.621Z"}
{"level":"info","message":"onRequest - completionItem/resolve","timestamp":"2024-09-23T23:05:39.752Z"}
{"level":"info","message":"⌛ Validating src/pepita.wlk","timeElapsed":108,"timestamp":"2024-09-23T23:05:39.860Z"}
{"level":"info","message":"⌛ Validating src/pepita.wlk","timeElapsed":108,"timestamp":"2024-09-23T23:05:39.969Z"}
{"level":"info","message":"onRequest - completionItem/resolve","timestamp":"2024-09-23T23:05:40.055Z"}
{"level":"info","message":"⌛ Building environment","timeElapsed":103,"timestamp":"2024-09-23T23:05:40.288Z"}
{"level":"info","message":"onRequest - completionItem/resolve","timestamp":"2024-09-23T23:05:40.288Z"}
{"level":"info","message":"⌛ Validating src/pepita.wlk","timeElapsed":137,"timestamp":"2024-09-23T23:05:40.425Z"}
{"level":"info","message":"⌛ Validating src/pepita.wlk","timeElapsed":131,"timestamp":"2024-09-23T23:05:40.569Z"}
{"level":"info","message":"onRequest - completionItem/resolve","timestamp":"2024-09-23T23:05:40.656Z"}
{"level":"info","message":"⌛ Validating src/pepita.wlk","timeElapsed":102,"timestamp":"2024-09-23T23:05:40.971Z"}
{"level":"info","message":"⌛ Building environment","timeElapsed":125,"timestamp":"2024-09-23T23:05:41.128Z"}
{"level":"info","message":"⌛ Validating src/pepita.wlk","timeElapsed":101,"timestamp":"2024-09-23T23:05:41.331Z"}
{"level":"info","message":"⌛ Building environment","timeElapsed":102,"timestamp":"2024-09-23T23:05:42.059Z"}
{"level":"info","message":"⌛ Building environment","timeElapsed":112,"timestamp":"2024-09-23T23:05:42.420Z"}
{"level":"info","message":"⌛ Validating src/pepita.wlk","timeElapsed":111,"timestamp":"2024-09-23T23:05:42.565Z"}
{"level":"info","message":"⌛ Building environment","timeElapsed":201,"timestamp":"2024-09-23T23:05:42.768Z"}
{"level":"info","message":"⌛ Building environment","timeElapsed":134,"timestamp":"2024-09-23T23:05:43.302Z"}
{"level":"info","message":"⌛ Building environment","timeElapsed":115,"timestamp":"2024-09-23T23:05:44.119Z"}
{"level":"info","message":"⌛ Validating src/pepita.wlk","timeElapsed":104,"timestamp":"2024-09-23T23:05:45.100Z"}
{"level":"info","message":"⌛ Building environment","timeElapsed":129,"timestamp":"2024-09-23T23:05:45.546Z"}
{"level":"info","message":"⌛ Validating src/pepita.wlk","timeElapsed":163,"timestamp":"2024-09-23T23:05:45.710Z"}
{"level":"info","message":"⌛ Building environment","timeElapsed":124,"timestamp":"2024-09-23T23:05:46.816Z"}
{"level":"info","message":"⌛ Building environment","timeElapsed":112,"timestamp":"2024-09-23T23:05:47.013Z"}
{"level":"info","message":"⌛ Validating src/pepita.wlk","timeElapsed":120,"timestamp":"2024-09-23T23:05:47.138Z"}
{"level":"info","message":"onRequest - completionItem/resolve","timestamp":"2024-09-23T23:05:47.138Z"}
{"level":"info","message":"⌛ Validating src/pepita.wlk","timeElapsed":116,"timestamp":"2024-09-23T23:05:47.255Z"}
{"level":"info","message":"onRequest - completionItem/resolve","timestamp":"2024-09-23T23:05:47.351Z"}
{"level":"info","message":"⌛ Building environment","timeElapsed":109,"timestamp":"2024-09-23T23:05:47.598Z"}
{"level":"info","message":"⌛ Validating src/pepita.wlk","timeElapsed":118,"timestamp":"2024-09-23T23:05:47.721Z"}
{"level":"info","message":"⌛ Validating src/pepita.wlk","timeElapsed":109,"timestamp":"2024-09-23T23:05:47.867Z"}
{"level":"info","message":"⌛ Building environment","timeElapsed":118,"timestamp":"2024-09-23T23:05:47.986Z"}
{"level":"error","message":"✘ Completions for node failed: Error: [Return]{11f9f1} at src/pepita.wlk:101 exhausted all cases without a match [Return]{11f9f1} at src/pepita.wlk:101 exhausted all cases without a match","stack":"Error: [Return]{11f9f1} at src/pepita.wlk:101 exhausted all cases without a match\n    at c:\\Users\\matia\\.vscode\\extensions\\uqbar.wollok-lsp-ide-0.3.4\\node_modules\\wollok-ts\\dist\\extensions.js:85:11\n    at completionsForNode (c:\\Users\\matia\\.vscode\\extensions\\uqbar.wollok-lsp-ide-0.3.4\\server\\out\\functionalities\\autocomplete\\node-completion.js:10:44)\n    at completeForParent (c:\\Users\\matia\\.vscode\\extensions\\uqbar.wollok-lsp-ide-0.3.4\\server\\out\\functionalities\\autocomplete\\node-completion.js:56:43)\n    at completeReference (c:\\Users\\matia\\.vscode\\extensions\\uqbar.wollok-lsp-ide-0.3.4\\server\\out\\functionalities\\autocomplete\\node-completion.js:64:135)\n    at c:\\Users\\matia\\.vscode\\extensions\\uqbar.wollok-lsp-ide-0.3.4\\node_modules\\wollok-ts\\dist\\extensions.js:84:20\n    at completionsForNode (c:\\Users\\matia\\.vscode\\extensions\\uqbar.wollok-lsp-ide-0.3.4\\server\\out\\functionalities\\autocomplete\\node-completion.js:10:44)\n    at c:\\Users\\matia\\.vscode\\extensions\\uqbar.wollok-lsp-ide-0.3.4\\server\\out\\functionalities\\autocomplete\\autocomplete.js:26:154\n    at c:\\Users\\matia\\.vscode\\extensions\\uqbar.wollok-lsp-ide-0.3.4\\server\\out\\server.js:198:20\n    at c:\\Users\\matia\\.vscode\\extensions\\uqbar.wollok-lsp-ide-0.3.4\\server\\node_modules\\vscode-languageserver\\lib\\common\\server.js:593:20\n    at handleRequest (c:\\Users\\matia\\.vscode\\extensions\\uqbar.wollok-lsp-ide-0.3.4\\server\\node_modules\\vscode-jsonrpc\\lib\\common\\connection.js:493:41)","timestamp":"2024-09-23T23:05:48.693Z"}
{"level":"info","message":"⌛ Validating src/pepita.wlk","timeElapsed":259,"timestamp":"2024-09-23T23:05:48.955Z"}
{"level":"info","message":"onRequest - completionItem/resolve","timestamp":"2024-09-23T23:05:48.985Z"}
{"level":"info","message":"onRequest - completionItem/resolve","timestamp":"2024-09-23T23:05:49.097Z"}
{"level":"info","message":"onRequest - completionItem/resolve","timestamp":"2024-09-23T23:05:49.192Z"}
{"level":"info","message":"⌛ Validating src/pepita.wlk","timeElapsed":148,"timestamp":"2024-09-23T23:05:49.347Z"}
{"level":"info","message":"⌛ Validating src/pepita.wlk","timeElapsed":149,"timestamp":"2024-09-23T23:05:49.497Z"}
{"level":"info","message":"⌛ Building environment","timeElapsed":109,"timestamp":"2024-09-23T23:05:49.608Z"}
{"level":"info","message":"onRequest - completionItem/resolve","timestamp":"2024-09-23T23:05:49.609Z"}
{"level":"info","message":"onRequest - completionItem/resolve","timestamp":"2024-09-23T23:05:49.708Z"}
{"level":"info","message":"⌛ Validating src/pepita.wlk","timeElapsed":102,"timestamp":"2024-09-23T23:05:49.810Z"}
{"level":"info","message":"⌛ Validating src/pepita.wlk","timeElapsed":118,"timestamp":"2024-09-23T23:05:49.970Z"}
{"level":"info","message":"⌛ Building environment","timeElapsed":101,"timestamp":"2024-09-23T23:05:50.072Z"}
{"level":"info","message":"onRequest - completionItem/resolve","timestamp":"2024-09-23T23:05:50.072Z"}
{"level":"info","message":"onRequest - completionItem/resolve","timestamp":"2024-09-23T23:05:50.164Z"}
{"level":"info","message":"⌛ Validating src/pepita.wlk","timeElapsed":117,"timestamp":"2024-09-23T23:05:50.283Z"}
{"level":"info","message":"⌛ Validating src/pepita.wlk","timeElapsed":112,"timestamp":"2024-09-23T23:05:50.400Z"}
{"level":"info","message":"onRequest - completionItem/resolve","timestamp":"2024-09-23T23:05:50.482Z"}
{"level":"info","message":"⌛ Building environment","timeElapsed":118,"timestamp":"2024-09-23T23:05:50.966Z"}
{"level":"info","message":"⌛ Validating src/pepita.wlk","timeElapsed":141,"timestamp":"2024-09-23T23:05:51.108Z"}
{"level":"info","message":"⌛ Building environment","timeElapsed":122,"timestamp":"2024-09-23T23:05:51.282Z"}
{"level":"info","message":"⌛ Validating src/pepita.wlk","timeElapsed":113,"timestamp":"2024-09-23T23:05:51.396Z"}
{"level":"info","message":"⌛ Validating src/pepita.wlk","timeElapsed":101,"timestamp":"2024-09-23T23:05:52.417Z"}
{"level":"info","message":"⌛ Building environment","timeElapsed":115,"timestamp":"2024-09-23T23:05:52.987Z"}
{"level":"info","message":"⌛ Validating src/pepita.wlk","timeElapsed":118,"timestamp":"2024-09-23T23:05:53.106Z"}
{"level":"error","message":"✘ Completions for node failed: Error: [Send]{db10b4} at src/pepita.wlk:101 exhausted all cases without a match [Send]{db10b4} at src/pepita.wlk:101 exhausted all cases without a match","stack":"Error: [Send]{db10b4} at src/pepita.wlk:101 exhausted all cases without a match\n    at c:\\Users\\matia\\.vscode\\extensions\\uqbar.wollok-lsp-ide-0.3.4\\node_modules\\wollok-ts\\dist\\extensions.js:85:11\n    at completionsForNode (c:\\Users\\matia\\.vscode\\extensions\\uqbar.wollok-lsp-ide-0.3.4\\server\\out\\functionalities\\autocomplete\\node-completion.js:10:44)\n    at completeForParent (c:\\Users\\matia\\.vscode\\extensions\\uqbar.wollok-lsp-ide-0.3.4\\server\\out\\functionalities\\autocomplete\\node-completion.js:56:43)\n    at completeReference (c:\\Users\\matia\\.vscode\\extensions\\uqbar.wollok-lsp-ide-0.3.4\\server\\out\\functionalities\\autocomplete\\node-completion.js:64:135)\n    at c:\\Users\\matia\\.vscode\\extensions\\uqbar.wollok-lsp-ide-0.3.4\\node_modules\\wollok-ts\\dist\\extensions.js:84:20\n    at completionsForNode (c:\\Users\\matia\\.vscode\\extensions\\uqbar.wollok-lsp-ide-0.3.4\\server\\out\\functionalities\\autocomplete\\node-completion.js:10:44)\n    at c:\\Users\\matia\\.vscode\\extensions\\uqbar.wollok-lsp-ide-0.3.4\\server\\out\\functionalities\\autocomplete\\autocomplete.js:26:154\n    at c:\\Users\\matia\\.vscode\\extensions\\uqbar.wollok-lsp-ide-0.3.4\\server\\out\\server.js:198:20\n    at c:\\Users\\matia\\.vscode\\extensions\\uqbar.wollok-lsp-ide-0.3.4\\server\\node_modules\\vscode-languageserver\\lib\\common\\server.js:593:20\n    at handleRequest (c:\\Users\\matia\\.vscode\\extensions\\uqbar.wollok-lsp-ide-0.3.4\\server\\node_modules\\vscode-jsonrpc\\lib\\common\\connection.js:493:41)","timestamp":"2024-09-23T23:05:54.083Z"}
{"level":"error","message":"✘ Completions for node failed: Error: [Return]{5ed7af} at src/pepita.wlk:101 exhausted all cases without a match [Return]{5ed7af} at src/pepita.wlk:101 exhausted all cases without a match","stack":"Error: [Return]{5ed7af} at src/pepita.wlk:101 exhausted all cases without a match\n    at c:\\Users\\matia\\.vscode\\extensions\\uqbar.wollok-lsp-ide-0.3.4\\node_modules\\wollok-ts\\dist\\extensions.js:85:11\n    at completionsForNode (c:\\Users\\matia\\.vscode\\extensions\\uqbar.wollok-lsp-ide-0.3.4\\server\\out\\functionalities\\autocomplete\\node-completion.js:10:44)\n    at completeForParent (c:\\Users\\matia\\.vscode\\extensions\\uqbar.wollok-lsp-ide-0.3.4\\server\\out\\functionalities\\autocomplete\\node-completion.js:56:43)\n    at completionsForNode (c:\\Users\\matia\\.vscode\\extensions\\uqbar.wollok-lsp-ide-0.3.4\\server\\out\\functionalities\\autocomplete\\node-completion.js:14:46)\n    at completeForParent (c:\\Users\\matia\\.vscode\\extensions\\uqbar.wollok-lsp-ide-0.3.4\\server\\out\\functionalities\\autocomplete\\node-completion.js:56:43)\n    at completeReference (c:\\Users\\matia\\.vscode\\extensions\\uqbar.wollok-lsp-ide-0.3.4\\server\\out\\functionalities\\autocomplete\\node-completion.js:64:135)\n    at c:\\Users\\matia\\.vscode\\extensions\\uqbar.wollok-lsp-ide-0.3.4\\node_modules\\wollok-ts\\dist\\extensions.js:84:20\n    at completionsForNode (c:\\Users\\matia\\.vscode\\extensions\\uqbar.wollok-lsp-ide-0.3.4\\server\\out\\functionalities\\autocomplete\\node-completion.js:10:44)\n    at c:\\Users\\matia\\.vscode\\extensions\\uqbar.wollok-lsp-ide-0.3.4\\server\\out\\functionalities\\autocomplete\\autocomplete.js:26:154\n    at c:\\Users\\matia\\.vscode\\extensions\\uqbar.wollok-lsp-ide-0.3.4\\server\\out\\server.js:198:20","timestamp":"2024-09-23T23:05:54.083Z"}
{"level":"info","message":"⌛ Validating src/pepita.wlk","timeElapsed":113,"timestamp":"2024-09-23T23:05:54.205Z"}
{"level":"info","message":"onRequest - completionItem/resolve","timestamp":"2024-09-23T23:05:54.206Z"}
{"level":"info","message":"onRequest - completionItem/resolve","timestamp":"2024-09-23T23:05:54.306Z"}
{"level":"info","message":"onRequest - completionItem/resolve","timestamp":"2024-09-23T23:05:54.743Z"}
{"level":"info","message":"⌛ Building environment","timeElapsed":106,"timestamp":"2024-09-23T23:05:54.850Z"}
{"level":"info","message":"onRequest - completionItem/resolve","timestamp":"2024-09-23T23:05:54.887Z"}
{"level":"info","message":"⌛ Validating src/pepita.wlk","timeElapsed":135,"timestamp":"2024-09-23T23:05:55.023Z"}
{"level":"info","message":"⌛ Validating src/pepita.wlk","timeElapsed":117,"timestamp":"2024-09-23T23:05:55.141Z"}
{"level":"info","message":"⌛ Building environment","timeElapsed":138,"timestamp":"2024-09-23T23:05:55.291Z"}
{"level":"info","message":"onRequest - completionItem/resolve","timestamp":"2024-09-23T23:05:55.292Z"}
{"level":"info","message":"⌛ Building environment","timeElapsed":112,"timestamp":"2024-09-23T23:05:55.404Z"}
{"level":"info","message":"onRequest - completionItem/resolve","timestamp":"2024-09-23T23:05:55.410Z"}
{"level":"info","message":"⌛ Validating src/pepita.wlk","timeElapsed":101,"timestamp":"2024-09-23T23:05:55.516Z"}
{"level":"info","message":"⌛ Building environment","timeElapsed":111,"timestamp":"2024-09-23T23:05:55.630Z"}
{"level":"info","message":"onRequest - completionItem/resolve","timestamp":"2024-09-23T23:05:55.631Z"}
{"level":"info","message":"⌛ Validating src/pepita.wlk","timeElapsed":116,"timestamp":"2024-09-23T23:05:55.747Z"}
{"level":"info","message":"⌛ Validating src/pepita.wlk","timeElapsed":123,"timestamp":"2024-09-23T23:05:55.950Z"}
{"level":"info","message":"⌛ Validating src/pepita.wlk","timeElapsed":129,"timestamp":"2024-09-23T23:05:56.269Z"}
{"level":"info","message":"onRequest - completionItem/resolve","timestamp":"2024-09-23T23:05:56.270Z"}
{"level":"info","message":"⌛ Building environment","timeElapsed":130,"timestamp":"2024-09-23T23:05:57.013Z"}
{"level":"info","message":"onRequest - completionItem/resolve","timestamp":"2024-09-23T23:05:57.013Z"}
{"level":"info","message":"⌛ Validating src/pepita.wlk","timeElapsed":111,"timestamp":"2024-09-23T23:05:57.126Z"}
{"level":"info","message":"onRequest - completionItem/resolve","timestamp":"2024-09-23T23:05:57.219Z"}
{"level":"info","message":"⌛ Building environment","timeElapsed":110,"timestamp":"2024-09-23T23:05:57.329Z"}
{"level":"info","message":"⌛ Validating src/pepita.wlk","timeElapsed":132,"timestamp":"2024-09-23T23:05:57.461Z"}
{"level":"info","message":"onRequest - completionItem/resolve","timestamp":"2024-09-23T23:05:57.462Z"}
{"level":"info","message":"⌛ Validating src/pepita.wlk","timeElapsed":141,"timestamp":"2024-09-23T23:05:57.604Z"}
{"level":"info","message":"onRequest - completionItem/resolve","timestamp":"2024-09-23T23:05:57.701Z"}
{"level":"info","message":"onRequest - completionItem/resolve","timestamp":"2024-09-23T23:05:58.284Z"}
{"level":"info","message":"⌛ Building environment","timeElapsed":130,"timestamp":"2024-09-23T23:05:58.417Z"}
{"level":"info","message":"⌛ Validating src/pepita.wlk","timeElapsed":119,"timestamp":"2024-09-23T23:05:58.537Z"}
{"errors":{"errors":[null,["/*const siguiente = direccion.siguiente(self.position())\r","if (not tablero.estaDentro(siguiente)) {\r","self.error(\"No puedo moverme fuera\")\r"]]},"level":"error","message":"✘ Failed to get type description: Error: {\n  \"errors\": [\n    null,\n    [\n      \"/*const siguiente = direccion.siguiente(self.position())\\r\",\n      \"if (not tablero.estaDentro(siguiente)) {\\r\",\n      \"self.error(\\\"No puedo moverme fuera\\\")\\r\"\n    ]\n  ]\n} {\n  \"errors\": [\n    null,\n    [\n      \"/*const siguiente = direccion.siguiente(self.position())\\r\",\n      \"if (not tablero.estaDentro(siguiente)) {\\r\",\n      \"self.error(\\\"No puedo moverme fuera\\\")\\r\"\n    ]\n  ]\n}","stack":"Error: {\n  \"errors\": [\n    null,\n    [\n      \"/*const siguiente = direccion.siguiente(self.position())\\r\",\n      \"if (not tablero.estaDentro(siguiente)) {\\r\",\n      \"self.error(\\\"No puedo moverme fuera\\\")\\r\"\n    ]\n  ]\n}\n    at toError (c:\\Users\\matia\\.vscode\\extensions\\uqbar.wollok-lsp-ide-0.3.4\\node_modules\\partial.lenses.validation\\dist\\partial.lenses.validation.cjs.js:102:15)\n    at raise (c:\\Users\\matia\\.vscode\\extensions\\uqbar.wollok-lsp-ide-0.3.4\\node_modules\\partial.lenses.validation\\dist\\partial.lenses.validation.cjs.js:108:9)\n    at c:\\Users\\matia\\.vscode\\extensions\\uqbar.wollok-lsp-ide-0.3.4\\node_modules\\partial.lenses.validation\\dist\\partial.lenses.validation.cjs.js:387:35\n    at Monad.apply (c:\\Users\\matia\\.vscode\\extensions\\uqbar.wollok-lsp-ide-0.3.4\\node_modules\\infestines\\dist\\infestines.cjs.js:242:10)\n    at intersperse (c:\\Users\\matia\\.vscode\\extensions\\uqbar.wollok-lsp-ide-0.3.4\\node_modules\\partial.lenses.validation\\dist\\partial.lenses.validation.cjs.js:386:16)\n    at intersperse (c:\\Users\\matia\\.vscode\\extensions\\uqbar.wollok-lsp-ide-0.3.4\\node_modules\\infestines\\dist\\infestines.cjs.js:73:14)\n    at splitMetadata (c:\\Users\\matia\\.vscode\\extensions\\uqbar.wollok-lsp-ide-0.3.4\\node_modules\\wollok-ts\\dist\\printer\\print.js:355:163)\n    at c:\\Users\\matia\\.vscode\\extensions\\uqbar.wollok-lsp-ide-0.3.4\\node_modules\\wollok-ts\\dist\\printer\\print.js:28:22\n    at c:\\Users\\matia\\.vscode\\extensions\\uqbar.wollok-lsp-ide-0.3.4\\node_modules\\wollok-ts\\dist\\printer\\print.js:317:96\n    at c:\\Users\\matia\\.vscode\\extensions\\uqbar.wollok-lsp-ide-0.3.4\\node_modules\\wollok-ts\\dist\\printer\\print.js:308:53","timestamp":"2024-09-23T23:07:02.984Z"}
{"level":"info","message":"⌛ Validating src/pepita.wlk","timeElapsed":102,"timestamp":"2024-09-23T23:07:13.110Z"}
{"level":"info","message":"⌛ Building environment","timeElapsed":105,"timestamp":"2024-09-23T23:07:18.914Z"}
{"level":"info","message":"⌛ Validating src/pepita.wlk","timeElapsed":125,"timestamp":"2024-09-23T23:07:19.083Z"}
{"level":"info","message":"onRequest - completionItem/resolve","timestamp":"2024-09-23T23:07:19.084Z"}
{"level":"info","message":"onRequest - completionItem/resolve","timestamp":"2024-09-23T23:07:19.206Z"}
{"level":"info","message":"onRequest - completionItem/resolve","timestamp":"2024-09-23T23:07:19.403Z"}
{"level":"info","message":"onRequest - completionItem/resolve","timestamp":"2024-09-23T23:07:19.828Z"}
{"level":"info","message":"⌛ Validating src/pepita.wlk","timeElapsed":114,"timestamp":"2024-09-23T23:07:20.240Z"}
{"level":"info","message":"onRequest - completionItem/resolve","timestamp":"2024-09-23T23:07:20.240Z"}
{"level":"info","message":"⌛ Building environment","timeElapsed":271,"timestamp":"2024-09-23T23:07:20.881Z"}
{"level":"info","message":"onRequest - completionItem/resolve","timestamp":"2024-09-23T23:07:20.882Z"}
{"level":"info","message":"onRequest - completionItem/resolve","timestamp":"2024-09-23T23:07:21.010Z"}
{"level":"info","message":"⌛ Validating src/pepita.wlk","timeElapsed":128,"timestamp":"2024-09-23T23:07:21.138Z"}
{"level":"info","message":"⌛ Validating src/pepita.wlk","timeElapsed":107,"timestamp":"2024-09-23T23:07:21.250Z"}
{"level":"info","message":"onRequest - completionItem/resolve","timestamp":"2024-09-23T23:07:21.347Z"}
{"level":"info","message":"onRequest - completionItem/resolve","timestamp":"2024-09-23T23:07:21.965Z"}
{"level":"info","message":"⌛ Building environment","timeElapsed":101,"timestamp":"2024-09-23T23:07:22.067Z"}
{"level":"info","message":"⌛ Validating src/pepita.wlk","timeElapsed":102,"timestamp":"2024-09-23T23:07:22.170Z"}
{"level":"info","message":"⌛ Building environment","timeElapsed":106,"timestamp":"2024-09-23T23:07:44.245Z"}
{"level":"info","message":"⌛ Validating src/pepita.wlk","timeElapsed":110,"timestamp":"2024-09-23T23:07:44.357Z"}
{"level":"info","message":"⌛ Building environment","timeElapsed":135,"timestamp":"2024-09-23T23:07:45.441Z"}
{"level":"info","message":"⌛ Validating src/pepita.wlk","timeElapsed":128,"timestamp":"2024-09-23T23:07:45.601Z"}
{"level":"info","message":"onRequest - completionItem/resolve","timestamp":"2024-09-23T23:07:45.621Z"}
{"level":"info","message":"onRequest - completionItem/resolve","timestamp":"2024-09-23T23:07:45.703Z"}
{"level":"info","message":"⌛ Building environment","timeElapsed":158,"timestamp":"2024-09-23T23:07:45.862Z"}
{"level":"info","message":"onRequest - completionItem/resolve","timestamp":"2024-09-23T23:07:45.864Z"}
{"level":"info","message":"⌛ Building environment","timeElapsed":194,"timestamp":"2024-09-23T23:07:46.158Z"}
{"level":"info","message":"onRequest - completionItem/resolve","timestamp":"2024-09-23T23:07:46.162Z"}
{"level":"info","message":"⌛ Validating src/pepita.wlk","timeElapsed":125,"timestamp":"2024-09-23T23:07:46.402Z"}
{"level":"info","message":"⌛ Building environment","timeElapsed":120,"timestamp":"2024-09-23T23:07:46.525Z"}
{"level":"info","message":"onRequest - completionItem/resolve","timestamp":"2024-09-23T23:07:46.646Z"}
{"level":"info","message":"⌛ Building environment","timeElapsed":129,"timestamp":"2024-09-23T23:07:46.821Z"}
{"level":"info","message":"onRequest - completionItem/resolve","timestamp":"2024-09-23T23:07:46.830Z"}
{"level":"info","message":"onRequest - completionItem/resolve","timestamp":"2024-09-23T23:07:46.914Z"}
{"level":"info","message":"⌛ Validating src/pepita.wlk","timeElapsed":103,"timestamp":"2024-09-23T23:07:47.107Z"}
{"level":"info","message":"⌛ Building environment","timeElapsed":106,"timestamp":"2024-09-23T23:07:47.234Z"}
{"level":"info","message":"onRequest - completionItem/resolve","timestamp":"2024-09-23T23:07:47.242Z"}
{"level":"info","message":"⌛ Building environment","timeElapsed":143,"timestamp":"2024-09-23T23:07:48.293Z"}
{"level":"info","message":"⌛ Validating src/pepita.wlk","timeElapsed":101,"timestamp":"2024-09-23T23:07:48.394Z"}
{"level":"info","message":"⌛ Building environment","timeElapsed":125,"timestamp":"2024-09-23T23:07:48.927Z"}
{"level":"info","message":"onRequest - completionItem/resolve","timestamp":"2024-09-23T23:07:48.928Z"}
{"level":"info","message":"⌛ Validating src/pepita.wlk","timeElapsed":112,"timestamp":"2024-09-23T23:07:49.041Z"}
{"level":"info","message":"⌛ Validating src/pepita.wlk","timeElapsed":106,"timestamp":"2024-09-23T23:07:49.373Z"}
{"level":"info","message":"⌛ Building environment","timeElapsed":147,"timestamp":"2024-09-23T23:07:49.522Z"}
{"level":"info","message":"⌛ Validating src/pepita.wlk","timeElapsed":163,"timestamp":"2024-09-23T23:07:49.811Z"}
{"level":"info","message":"⌛ Validating src/pepita.wlk","timeElapsed":125,"timestamp":"2024-09-23T23:07:49.938Z"}
{"level":"info","message":"⌛ Building environment","timeElapsed":129,"timestamp":"2024-09-23T23:07:50.070Z"}
{"level":"info","message":"⌛ Building environment","timeElapsed":119,"timestamp":"2024-09-23T23:07:50.446Z"}
{"level":"info","message":"⌛ Validating src/pepita.wlk","timeElapsed":102,"timestamp":"2024-09-23T23:07:50.552Z"}
{"level":"info","message":"⌛ Validating src/pepita.wlk","timeElapsed":112,"timestamp":"2024-09-23T23:07:50.666Z"}
{"level":"info","message":"⌛ Building environment","timeElapsed":106,"timestamp":"2024-09-23T23:07:53.152Z"}
{"level":"info","message":"⌛ Validating src/pepita.wlk","timeElapsed":109,"timestamp":"2024-09-23T23:07:53.262Z"}
{"level":"info","message":"⌛ Validating src/pepita.wlk","timeElapsed":110,"timestamp":"2024-09-23T23:07:53.466Z"}
{"level":"info","message":"⌛ Validating src/pepita.wlk","timeElapsed":119,"timestamp":"2024-09-23T23:07:57.127Z"}
{"level":"info","message":"⌛ Building environment","timeElapsed":138,"timestamp":"2024-09-23T23:07:57.507Z"}
{"level":"error","message":"✘ Completions for node failed: Error: [Send]{dccef7} at src/pepita.wlk:77 exhausted all cases without a match [Send]{dccef7} at src/pepita.wlk:77 exhausted all cases without a match","stack":"Error: [Send]{dccef7} at src/pepita.wlk:77 exhausted all cases without a match\n    at c:\\Users\\matia\\.vscode\\extensions\\uqbar.wollok-lsp-ide-0.3.4\\node_modules\\wollok-ts\\dist\\extensions.js:85:11\n    at completionsForNode (c:\\Users\\matia\\.vscode\\extensions\\uqbar.wollok-lsp-ide-0.3.4\\server\\out\\functionalities\\autocomplete\\node-completion.js:10:44)\n    at completeForParent (c:\\Users\\matia\\.vscode\\extensions\\uqbar.wollok-lsp-ide-0.3.4\\server\\out\\functionalities\\autocomplete\\node-completion.js:56:43)\n    at completeReference (c:\\Users\\matia\\.vscode\\extensions\\uqbar.wollok-lsp-ide-0.3.4\\server\\out\\functionalities\\autocomplete\\node-completion.js:64:135)\n    at c:\\Users\\matia\\.vscode\\extensions\\uqbar.wollok-lsp-ide-0.3.4\\node_modules\\wollok-ts\\dist\\extensions.js:84:20\n    at completionsForNode (c:\\Users\\matia\\.vscode\\extensions\\uqbar.wollok-lsp-ide-0.3.4\\server\\out\\functionalities\\autocomplete\\node-completion.js:10:44)\n    at c:\\Users\\matia\\.vscode\\extensions\\uqbar.wollok-lsp-ide-0.3.4\\server\\out\\functionalities\\autocomplete\\autocomplete.js:26:154\n    at c:\\Users\\matia\\.vscode\\extensions\\uqbar.wollok-lsp-ide-0.3.4\\server\\out\\server.js:198:20\n    at c:\\Users\\matia\\.vscode\\extensions\\uqbar.wollok-lsp-ide-0.3.4\\server\\node_modules\\vscode-languageserver\\lib\\common\\server.js:593:20\n    at handleRequest (c:\\Users\\matia\\.vscode\\extensions\\uqbar.wollok-lsp-ide-0.3.4\\server\\node_modules\\vscode-jsonrpc\\lib\\common\\connection.js:493:41)","timestamp":"2024-09-23T23:07:57.527Z"}
{"level":"info","message":"⌛ Validating src/pepita.wlk","timeElapsed":109,"timestamp":"2024-09-23T23:07:57.720Z"}
{"level":"info","message":"onRequest - completionItem/resolve","timestamp":"2024-09-23T23:07:57.720Z"}
{"level":"info","message":"⌛ Validating src/pepita.wlk","timeElapsed":112,"timestamp":"2024-09-23T23:07:57.832Z"}
{"level":"info","message":"onRequest - completionItem/resolve","timestamp":"2024-09-23T23:07:57.912Z"}
{"level":"info","message":"onRequest - completionItem/resolve","timestamp":"2024-09-23T23:07:58.028Z"}
{"level":"info","message":"⌛ Validating src/pepita.wlk","timeElapsed":145,"timestamp":"2024-09-23T23:07:58.173Z"}
{"level":"info","message":"onRequest - completionItem/resolve","timestamp":"2024-09-23T23:07:58.365Z"}
{"level":"info","message":"onRequest - completionItem/resolve","timestamp":"2024-09-23T23:07:58.459Z"}
{"level":"info","message":"onRequest - completionItem/resolve","timestamp":"2024-09-23T23:07:58.540Z"}
{"level":"info","message":"onRequest - completionItem/resolve","timestamp":"2024-09-23T23:07:58.710Z"}
{"level":"info","message":"⌛ Validating src/pepita.wlk","timeElapsed":134,"timestamp":"2024-09-23T23:07:59.048Z"}
{"level":"info","message":"onRequest - completionItem/resolve","timestamp":"2024-09-23T23:07:59.154Z"}
{"level":"info","message":"⌛ Building environment","timeElapsed":116,"timestamp":"2024-09-23T23:08:02.358Z"}
{"level":"info","message":"⌛ Building environment","timeElapsed":105,"timestamp":"2024-09-23T23:08:02.511Z"}
{"level":"info","message":"⌛ Validating src/pepita.wlk","timeElapsed":116,"timestamp":"2024-09-23T23:08:02.629Z"}
{"level":"info","message":"onRequest - completionItem/resolve","timestamp":"2024-09-23T23:08:02.631Z"}
{"level":"info","message":"⌛ Validating src/pepita.wlk","timeElapsed":108,"timestamp":"2024-09-23T23:08:02.740Z"}
{"level":"info","message":"onRequest - completionItem/resolve","timestamp":"2024-09-23T23:08:02.828Z"}
{"level":"info","message":"⌛ Building environment","timeElapsed":198,"timestamp":"2024-09-23T23:08:03.027Z"}
{"level":"info","message":"onRequest - completionItem/resolve","timestamp":"2024-09-23T23:08:03.027Z"}
{"level":"info","message":"onRequest - completionItem/resolve","timestamp":"2024-09-23T23:08:03.107Z"}
{"level":"error","message":"✘ Failed to rebuild document Failed to parse src/pepita.wlk: \n-- PARSING FAILED --------------------------------------------------\n\n  108 | \t\tself.validarMover(direccion)\n  109 | \t}\n> 110 | }\n      | ^\n  111 | \n  112 | object viva {\n\nExpected one of the following: \n\n'@', 'class', 'const', 'describe', 'mixin', 'object', 'only', 'package', 'program', 'test', 'var', '{', EOF, comment, not \"}\r\n\r\n\", whitespace\n","stack":"Error: Failed to parse src/pepita.wlk: \n-- PARSING FAILED --------------------------------------------------\n\n  108 | \t\tself.validarMover(direccion)\n  109 | \t}\n> 110 | }\n      | ^\n  111 | \n  112 | object viva {\n\nExpected one of the following: \n\n'@', 'class', 'const', 'describe', 'mixin', 'object', 'only', 'package', 'program', 'test', 'var', '{', EOF, comment, not \"}\r\n\r\n\", whitespace\n\n    at c:\\Users\\matia\\.vscode\\extensions\\uqbar.wollok-lsp-ide-0.3.4\\node_modules\\wollok-ts\\dist\\index.js:54:19\n    at Array.map (<anonymous>)\n    at buildEnvironment (c:\\Users\\matia\\.vscode\\extensions\\uqbar.wollok-lsp-ide-0.3.4\\node_modules\\wollok-ts\\dist\\index.js:49:40)\n    at EnvironmentProvider.buildEnvironmentFrom (c:\\Users\\matia\\.vscode\\extensions\\uqbar.wollok-lsp-ide-0.3.4\\server\\out\\utils\\vm\\environment.js:29:66)\n    at EnvironmentProvider.updateEnvironmentWith (c:\\Users\\matia\\.vscode\\extensions\\uqbar.wollok-lsp-ide-0.3.4\\server\\out\\utils\\vm\\environment.js:19:37)\n    at rebuildTextDocument (c:\\Users\\matia\\.vscode\\extensions\\uqbar.wollok-lsp-ide-0.3.4\\server\\out\\server.js:102:29)\n    at CallbackList.invoke (c:\\Users\\matia\\.vscode\\extensions\\uqbar.wollok-lsp-ide-0.3.4\\server\\node_modules\\vscode-jsonrpc\\lib\\common\\events.js:55:39)\n    at Emitter.fire (c:\\Users\\matia\\.vscode\\extensions\\uqbar.wollok-lsp-ide-0.3.4\\server\\node_modules\\vscode-jsonrpc\\lib\\common\\events.js:117:36)\n    at c:\\Users\\matia\\.vscode\\extensions\\uqbar.wollok-lsp-ide-0.3.4\\server\\node_modules\\vscode-languageserver\\lib\\common\\textDocuments.js:138:42\n    at handleNotification (c:\\Users\\matia\\.vscode\\extensions\\uqbar.wollok-lsp-ide-0.3.4\\server\\node_modules\\vscode-jsonrpc\\lib\\common\\connection.js:640:25)","timestamp":"2024-09-23T23:08:03.270Z"}
{"level":"info","message":"onRequest - completionItem/resolve","timestamp":"2024-09-23T23:08:03.271Z"}
{"level":"info","message":"⌛ Validating src/pepita.wlk","timeElapsed":119,"timestamp":"2024-09-23T23:08:03.391Z"}
{"level":"info","message":"⌛ Validating src/pepita.wlk","timeElapsed":121,"timestamp":"2024-09-23T23:08:03.514Z"}
{"level":"error","message":"✘ Failed to rebuild document Failed to parse src/pepita.wlk: \n-- PARSING FAILED --------------------------------------------------\n\n  108 | \t\tself.validarMover(direccion)\n  109 | \t}\n> 110 | }\n      | ^\n  111 | \n  112 | object viva {\n\nExpected one of the following: \n\n'@', 'class', 'const', 'describe', 'mixin', 'object', 'only', 'package', 'program', 'test', 'var', '{', EOF, comment, not \"}\r\n\r\n\", whitespace\n","stack":"Error: Failed to parse src/pepita.wlk: \n-- PARSING FAILED --------------------------------------------------\n\n  108 | \t\tself.validarMover(direccion)\n  109 | \t}\n> 110 | }\n      | ^\n  111 | \n  112 | object viva {\n\nExpected one of the following: \n\n'@', 'class', 'const', 'describe', 'mixin', 'object', 'only', 'package', 'program', 'test', 'var', '{', EOF, comment, not \"}\r\n\r\n\", whitespace\n\n    at c:\\Users\\matia\\.vscode\\extensions\\uqbar.wollok-lsp-ide-0.3.4\\node_modules\\wollok-ts\\dist\\index.js:54:19\n    at Array.map (<anonymous>)\n    at buildEnvironment (c:\\Users\\matia\\.vscode\\extensions\\uqbar.wollok-lsp-ide-0.3.4\\node_modules\\wollok-ts\\dist\\index.js:49:40)\n    at EnvironmentProvider.buildEnvironmentFrom (c:\\Users\\matia\\.vscode\\extensions\\uqbar.wollok-lsp-ide-0.3.4\\server\\out\\utils\\vm\\environment.js:29:66)\n    at EnvironmentProvider.updateEnvironmentWith (c:\\Users\\matia\\.vscode\\extensions\\uqbar.wollok-lsp-ide-0.3.4\\server\\out\\utils\\vm\\environment.js:19:37)\n    at rebuildTextDocument (c:\\Users\\matia\\.vscode\\extensions\\uqbar.wollok-lsp-ide-0.3.4\\server\\out\\server.js:102:29)\n    at CallbackList.invoke (c:\\Users\\matia\\.vscode\\extensions\\uqbar.wollok-lsp-ide-0.3.4\\server\\node_modules\\vscode-jsonrpc\\lib\\common\\events.js:55:39)\n    at Emitter.fire (c:\\Users\\matia\\.vscode\\extensions\\uqbar.wollok-lsp-ide-0.3.4\\server\\node_modules\\vscode-jsonrpc\\lib\\common\\events.js:117:36)\n    at c:\\Users\\matia\\.vscode\\extensions\\uqbar.wollok-lsp-ide-0.3.4\\server\\node_modules\\vscode-languageserver\\lib\\common\\textDocuments.js:138:42\n    at handleNotification (c:\\Users\\matia\\.vscode\\extensions\\uqbar.wollok-lsp-ide-0.3.4\\server\\node_modules\\vscode-jsonrpc\\lib\\common\\connection.js:640:25)","timestamp":"2024-09-23T23:08:03.535Z"}
{"level":"info","message":"onRequest - completionItem/resolve","timestamp":"2024-09-23T23:08:03.535Z"}
{"level":"info","message":"⌛ Building environment","timeElapsed":145,"timestamp":"2024-09-23T23:08:03.924Z"}
{"level":"info","message":"⌛ Validating src/pepita.wlk","timeElapsed":106,"timestamp":"2024-09-23T23:08:04.133Z"}
{"level":"info","message":"onRequest - completionItem/resolve","timestamp":"2024-09-23T23:08:04.224Z"}
{"level":"info","message":"onRequest - completionItem/resolve","timestamp":"2024-09-23T23:08:04.320Z"}
{"level":"info","message":"⌛ Validating src/pepita.wlk","timeElapsed":114,"timestamp":"2024-09-23T23:08:04.607Z"}
{"level":"info","message":"⌛ Validating src/pepita.wlk","timeElapsed":141,"timestamp":"2024-09-23T23:08:05.570Z"}
{"level":"info","message":"⌛ Building environment","timeElapsed":105,"timestamp":"2024-09-23T23:08:06.910Z"}
{"level":"error","message":"✘ Completions for node failed: Error: [Parameter]{76e59d} at src/pepita.wlk:82 exhausted all cases without a match [Parameter]{76e59d} at src/pepita.wlk:82 exhausted all cases without a match","stack":"Error: [Parameter]{76e59d} at src/pepita.wlk:82 exhausted all cases without a match\n    at c:\\Users\\matia\\.vscode\\extensions\\uqbar.wollok-lsp-ide-0.3.4\\node_modules\\wollok-ts\\dist\\extensions.js:85:11\n    at completionsForNode (c:\\Users\\matia\\.vscode\\extensions\\uqbar.wollok-lsp-ide-0.3.4\\server\\out\\functionalities\\autocomplete\\node-completion.js:10:44)\n    at c:\\Users\\matia\\.vscode\\extensions\\uqbar.wollok-lsp-ide-0.3.4\\server\\out\\functionalities\\autocomplete\\autocomplete.js:26:154\n    at c:\\Users\\matia\\.vscode\\extensions\\uqbar.wollok-lsp-ide-0.3.4\\server\\out\\server.js:198:20\n    at c:\\Users\\matia\\.vscode\\extensions\\uqbar.wollok-lsp-ide-0.3.4\\server\\node_modules\\vscode-languageserver\\lib\\common\\server.js:593:20\n    at handleRequest (c:\\Users\\matia\\.vscode\\extensions\\uqbar.wollok-lsp-ide-0.3.4\\server\\node_modules\\vscode-jsonrpc\\lib\\common\\connection.js:493:41)\n    at handleMessage (c:\\Users\\matia\\.vscode\\extensions\\uqbar.wollok-lsp-ide-0.3.4\\server\\node_modules\\vscode-jsonrpc\\lib\\common\\connection.js:339:13)\n    at processMessageQueue (c:\\Users\\matia\\.vscode\\extensions\\uqbar.wollok-lsp-ide-0.3.4\\server\\node_modules\\vscode-jsonrpc\\lib\\common\\connection.js:362:17)\n    at Immediate._onImmediate (c:\\Users\\matia\\.vscode\\extensions\\uqbar.wollok-lsp-ide-0.3.4\\server\\node_modules\\vscode-jsonrpc\\lib\\common\\connection.js:334:13)\n    at process.processImmediate (node:internal/timers:478:21)","timestamp":"2024-09-23T23:08:06.956Z"}
{"level":"info","message":"⌛ Validating src/pepita.wlk","timeElapsed":109,"timestamp":"2024-09-23T23:08:07.079Z"}
{"level":"info","message":"onRequest - completionItem/resolve","timestamp":"2024-09-23T23:08:07.081Z"}
{"level":"info","message":"onRequest - completionItem/resolve","timestamp":"2024-09-23T23:08:07.175Z"}
{"level":"info","message":"⌛ Validating src/pepita.wlk","timeElapsed":116,"timestamp":"2024-09-23T23:08:07.292Z"}
{"level":"error","message":"✘ Completions for node failed: Error: [Parameter]{b3737c} at src/pepita.wlk:82 exhausted all cases without a match [Parameter]{b3737c} at src/pepita.wlk:82 exhausted all cases without a match","stack":"Error: [Parameter]{b3737c} at src/pepita.wlk:82 exhausted all cases without a match\n    at c:\\Users\\matia\\.vscode\\extensions\\uqbar.wollok-lsp-ide-0.3.4\\node_modules\\wollok-ts\\dist\\extensions.js:85:11\n    at completionsForNode (c:\\Users\\matia\\.vscode\\extensions\\uqbar.wollok-lsp-ide-0.3.4\\server\\out\\functionalities\\autocomplete\\node-completion.js:10:44)\n    at c:\\Users\\matia\\.vscode\\extensions\\uqbar.wollok-lsp-ide-0.3.4\\server\\out\\functionalities\\autocomplete\\autocomplete.js:26:154\n    at c:\\Users\\matia\\.vscode\\extensions\\uqbar.wollok-lsp-ide-0.3.4\\server\\out\\server.js:198:20\n    at c:\\Users\\matia\\.vscode\\extensions\\uqbar.wollok-lsp-ide-0.3.4\\server\\node_modules\\vscode-languageserver\\lib\\common\\server.js:593:20\n    at handleRequest (c:\\Users\\matia\\.vscode\\extensions\\uqbar.wollok-lsp-ide-0.3.4\\server\\node_modules\\vscode-jsonrpc\\lib\\common\\connection.js:493:41)\n    at handleMessage (c:\\Users\\matia\\.vscode\\extensions\\uqbar.wollok-lsp-ide-0.3.4\\server\\node_modules\\vscode-jsonrpc\\lib\\common\\connection.js:339:13)\n    at processMessageQueue (c:\\Users\\matia\\.vscode\\extensions\\uqbar.wollok-lsp-ide-0.3.4\\server\\node_modules\\vscode-jsonrpc\\lib\\common\\connection.js:362:17)\n    at Immediate._onImmediate (c:\\Users\\matia\\.vscode\\extensions\\uqbar.wollok-lsp-ide-0.3.4\\server\\node_modules\\vscode-jsonrpc\\lib\\common\\connection.js:334:13)\n    at process.processImmediate (node:internal/timers:478:21)","timestamp":"2024-09-23T23:08:07.392Z"}
{"level":"info","message":"⌛ Validating src/pepita.wlk","timeElapsed":213,"timestamp":"2024-09-23T23:08:07.774Z"}
{"level":"error","message":"✘ Completions for node failed: Error: [Parameter]{047d00} at src/pepita.wlk:82 exhausted all cases without a match [Parameter]{047d00} at src/pepita.wlk:82 exhausted all cases without a match","stack":"Error: [Parameter]{047d00} at src/pepita.wlk:82 exhausted all cases without a match\n    at c:\\Users\\matia\\.vscode\\extensions\\uqbar.wollok-lsp-ide-0.3.4\\node_modules\\wollok-ts\\dist\\extensions.js:85:11\n    at completionsForNode (c:\\Users\\matia\\.vscode\\extensions\\uqbar.wollok-lsp-ide-0.3.4\\server\\out\\functionalities\\autocomplete\\node-completion.js:10:44)\n    at c:\\Users\\matia\\.vscode\\extensions\\uqbar.wollok-lsp-ide-0.3.4\\server\\out\\functionalities\\autocomplete\\autocomplete.js:26:154\n    at c:\\Users\\matia\\.vscode\\extensions\\uqbar.wollok-lsp-ide-0.3.4\\server\\out\\server.js:198:20\n    at c:\\Users\\matia\\.vscode\\extensions\\uqbar.wollok-lsp-ide-0.3.4\\server\\node_modules\\vscode-languageserver\\lib\\common\\server.js:593:20\n    at handleRequest (c:\\Users\\matia\\.vscode\\extensions\\uqbar.wollok-lsp-ide-0.3.4\\server\\node_modules\\vscode-jsonrpc\\lib\\common\\connection.js:493:41)\n    at handleMessage (c:\\Users\\matia\\.vscode\\extensions\\uqbar.wollok-lsp-ide-0.3.4\\server\\node_modules\\vscode-jsonrpc\\lib\\common\\connection.js:339:13)\n    at processMessageQueue (c:\\Users\\matia\\.vscode\\extensions\\uqbar.wollok-lsp-ide-0.3.4\\server\\node_modules\\vscode-jsonrpc\\lib\\common\\connection.js:362:17)\n    at Immediate._onImmediate (c:\\Users\\matia\\.vscode\\extensions\\uqbar.wollok-lsp-ide-0.3.4\\server\\node_modules\\vscode-jsonrpc\\lib\\common\\connection.js:334:13)\n    at process.processImmediate (node:internal/timers:478:21)","timestamp":"2024-09-23T23:08:07.953Z"}
{"level":"info","message":"⌛ Validating src/pepita.wlk","timeElapsed":108,"timestamp":"2024-09-23T23:08:08.233Z"}
{"level":"error","message":"✘ Completions for node failed: Error: [Parameter]{9b18cc} at src/pepita.wlk:82 exhausted all cases without a match [Parameter]{9b18cc} at src/pepita.wlk:82 exhausted all cases without a match","stack":"Error: [Parameter]{9b18cc} at src/pepita.wlk:82 exhausted all cases without a match\n    at c:\\Users\\matia\\.vscode\\extensions\\uqbar.wollok-lsp-ide-0.3.4\\node_modules\\wollok-ts\\dist\\extensions.js:85:11\n    at completionsForNode (c:\\Users\\matia\\.vscode\\extensions\\uqbar.wollok-lsp-ide-0.3.4\\server\\out\\functionalities\\autocomplete\\node-completion.js:10:44)\n    at c:\\Users\\matia\\.vscode\\extensions\\uqbar.wollok-lsp-ide-0.3.4\\server\\out\\functionalities\\autocomplete\\autocomplete.js:26:154\n    at c:\\Users\\matia\\.vscode\\extensions\\uqbar.wollok-lsp-ide-0.3.4\\server\\out\\server.js:198:20\n    at c:\\Users\\matia\\.vscode\\extensions\\uqbar.wollok-lsp-ide-0.3.4\\server\\node_modules\\vscode-languageserver\\lib\\common\\server.js:593:20\n    at handleRequest (c:\\Users\\matia\\.vscode\\extensions\\uqbar.wollok-lsp-ide-0.3.4\\server\\node_modules\\vscode-jsonrpc\\lib\\common\\connection.js:493:41)\n    at handleMessage (c:\\Users\\matia\\.vscode\\extensions\\uqbar.wollok-lsp-ide-0.3.4\\server\\node_modules\\vscode-jsonrpc\\lib\\common\\connection.js:339:13)\n    at processMessageQueue (c:\\Users\\matia\\.vscode\\extensions\\uqbar.wollok-lsp-ide-0.3.4\\server\\node_modules\\vscode-jsonrpc\\lib\\common\\connection.js:362:17)\n    at Immediate._onImmediate (c:\\Users\\matia\\.vscode\\extensions\\uqbar.wollok-lsp-ide-0.3.4\\server\\node_modules\\vscode-jsonrpc\\lib\\common\\connection.js:334:13)\n    at process.processImmediate (node:internal/timers:478:21)","timestamp":"2024-09-23T23:08:08.326Z"}
{"level":"info","message":"⌛ Validating src/pepita.wlk","timeElapsed":106,"timestamp":"2024-09-23T23:08:08.523Z"}
{"level":"info","message":"⌛ Validating src/pepita.wlk","timeElapsed":104,"timestamp":"2024-09-23T23:08:08.658Z"}
{"level":"info","message":"onRequest - completionItem/resolve","timestamp":"2024-09-23T23:08:08.659Z"}
{"level":"error","message":"✘ Completions for node failed: Error: [Parameter]{067fe6} at src/pepita.wlk:82 exhausted all cases without a match [Parameter]{067fe6} at src/pepita.wlk:82 exhausted all cases without a match","stack":"Error: [Parameter]{067fe6} at src/pepita.wlk:82 exhausted all cases without a match\n    at c:\\Users\\matia\\.vscode\\extensions\\uqbar.wollok-lsp-ide-0.3.4\\node_modules\\wollok-ts\\dist\\extensions.js:85:11\n    at completionsForNode (c:\\Users\\matia\\.vscode\\extensions\\uqbar.wollok-lsp-ide-0.3.4\\server\\out\\functionalities\\autocomplete\\node-completion.js:10:44)\n    at c:\\Users\\matia\\.vscode\\extensions\\uqbar.wollok-lsp-ide-0.3.4\\server\\out\\functionalities\\autocomplete\\autocomplete.js:26:154\n    at c:\\Users\\matia\\.vscode\\extensions\\uqbar.wollok-lsp-ide-0.3.4\\server\\out\\server.js:198:20\n    at c:\\Users\\matia\\.vscode\\extensions\\uqbar.wollok-lsp-ide-0.3.4\\server\\node_modules\\vscode-languageserver\\lib\\common\\server.js:593:20\n    at handleRequest (c:\\Users\\matia\\.vscode\\extensions\\uqbar.wollok-lsp-ide-0.3.4\\server\\node_modules\\vscode-jsonrpc\\lib\\common\\connection.js:493:41)\n    at handleMessage (c:\\Users\\matia\\.vscode\\extensions\\uqbar.wollok-lsp-ide-0.3.4\\server\\node_modules\\vscode-jsonrpc\\lib\\common\\connection.js:339:13)\n    at processMessageQueue (c:\\Users\\matia\\.vscode\\extensions\\uqbar.wollok-lsp-ide-0.3.4\\server\\node_modules\\vscode-jsonrpc\\lib\\common\\connection.js:362:17)\n    at Immediate._onImmediate (c:\\Users\\matia\\.vscode\\extensions\\uqbar.wollok-lsp-ide-0.3.4\\server\\node_modules\\vscode-jsonrpc\\lib\\common\\connection.js:334:13)\n    at process.processImmediate (node:internal/timers:478:21)","timestamp":"2024-09-23T23:08:08.763Z"}
{"level":"info","message":"⌛ Validating src/pepita.wlk","timeElapsed":115,"timestamp":"2024-09-23T23:08:08.881Z"}
{"level":"info","message":"onRequest - completionItem/resolve","timestamp":"2024-09-23T23:08:08.883Z"}
{"level":"info","message":"⌛ Validating src/pepita.wlk","timeElapsed":121,"timestamp":"2024-09-23T23:08:09.967Z"}
{"level":"info","message":"⌛ Validating src/pepita.wlk","timeElapsed":108,"timestamp":"2024-09-23T23:08:10.192Z"}
{"errors":{"errors":[null,["/*const siguiente = direccion.siguiente(self.position())\r","if (not tablero.estaDentro(siguiente)) {\r","self.error(\"No puedo moverme fuera\")\r"]]},"level":"error","message":"✘ Failed to get type description: Error: {\n  \"errors\": [\n    null,\n    [\n      \"/*const siguiente = direccion.siguiente(self.position())\\r\",\n      \"if (not tablero.estaDentro(siguiente)) {\\r\",\n      \"self.error(\\\"No puedo moverme fuera\\\")\\r\"\n    ]\n  ]\n} {\n  \"errors\": [\n    null,\n    [\n      \"/*const siguiente = direccion.siguiente(self.position())\\r\",\n      \"if (not tablero.estaDentro(siguiente)) {\\r\",\n      \"self.error(\\\"No puedo moverme fuera\\\")\\r\"\n    ]\n  ]\n}","stack":"Error: {\n  \"errors\": [\n    null,\n    [\n      \"/*const siguiente = direccion.siguiente(self.position())\\r\",\n      \"if (not tablero.estaDentro(siguiente)) {\\r\",\n      \"self.error(\\\"No puedo moverme fuera\\\")\\r\"\n    ]\n  ]\n}\n    at toError (c:\\Users\\matia\\.vscode\\extensions\\uqbar.wollok-lsp-ide-0.3.4\\node_modules\\partial.lenses.validation\\dist\\partial.lenses.validation.cjs.js:102:15)\n    at raise (c:\\Users\\matia\\.vscode\\extensions\\uqbar.wollok-lsp-ide-0.3.4\\node_modules\\partial.lenses.validation\\dist\\partial.lenses.validation.cjs.js:108:9)\n    at c:\\Users\\matia\\.vscode\\extensions\\uqbar.wollok-lsp-ide-0.3.4\\node_modules\\partial.lenses.validation\\dist\\partial.lenses.validation.cjs.js:387:35\n    at Monad.apply (c:\\Users\\matia\\.vscode\\extensions\\uqbar.wollok-lsp-ide-0.3.4\\node_modules\\infestines\\dist\\infestines.cjs.js:242:10)\n    at intersperse (c:\\Users\\matia\\.vscode\\extensions\\uqbar.wollok-lsp-ide-0.3.4\\node_modules\\partial.lenses.validation\\dist\\partial.lenses.validation.cjs.js:386:16)\n    at intersperse (c:\\Users\\matia\\.vscode\\extensions\\uqbar.wollok-lsp-ide-0.3.4\\node_modules\\infestines\\dist\\infestines.cjs.js:73:14)\n    at splitMetadata (c:\\Users\\matia\\.vscode\\extensions\\uqbar.wollok-lsp-ide-0.3.4\\node_modules\\wollok-ts\\dist\\printer\\print.js:355:163)\n    at c:\\Users\\matia\\.vscode\\extensions\\uqbar.wollok-lsp-ide-0.3.4\\node_modules\\wollok-ts\\dist\\printer\\print.js:28:22\n    at c:\\Users\\matia\\.vscode\\extensions\\uqbar.wollok-lsp-ide-0.3.4\\node_modules\\wollok-ts\\dist\\printer\\print.js:317:96\n    at c:\\Users\\matia\\.vscode\\extensions\\uqbar.wollok-lsp-ide-0.3.4\\node_modules\\wollok-ts\\dist\\printer\\print.js:308:53","timestamp":"2024-09-23T23:08:19.609Z"}
{"level":"info","message":"⌛ Building environment","timeElapsed":110,"timestamp":"2024-09-23T23:08:32.816Z"}
{"level":"info","message":"⌛ Validating src/pepita.wlk","timeElapsed":106,"timestamp":"2024-09-23T23:08:32.944Z"}
{"level":"info","message":"onRequest - completionItem/resolve","timestamp":"2024-09-23T23:08:32.944Z"}
{"level":"info","message":"⌛ Building environment","timeElapsed":105,"timestamp":"2024-09-23T23:08:33.050Z"}
{"level":"info","message":"onRequest - completionItem/resolve","timestamp":"2024-09-23T23:08:33.051Z"}
{"level":"info","message":"onRequest - completionItem/resolve","timestamp":"2024-09-23T23:08:33.149Z"}
{"level":"info","message":"⌛ Validating src/pepita.wlk","timeElapsed":221,"timestamp":"2024-09-23T23:08:33.459Z"}
{"level":"info","message":"onRequest - completionItem/resolve","timestamp":"2024-09-23T23:08:33.549Z"}
{"level":"info","message":"⌛ Building environment","timeElapsed":139,"timestamp":"2024-09-23T23:08:34.062Z"}
{"level":"info","message":"⌛ Validating src/pepita.wlk","timeElapsed":103,"timestamp":"2024-09-23T23:08:34.188Z"}
{"level":"info","message":"onRequest - completionItem/resolve","timestamp":"2024-09-23T23:08:34.192Z"}
{"level":"info","message":"⌛ Building environment","timeElapsed":110,"timestamp":"2024-09-23T23:08:34.799Z"}
{"level":"info","message":"onRequest - completionItem/resolve","timestamp":"2024-09-23T23:08:34.800Z"}
{"level":"info","message":"⌛ Validating src/pepita.wlk","timeElapsed":102,"timestamp":"2024-09-23T23:08:34.903Z"}
{"level":"info","message":"⌛ Building environment","timeElapsed":218,"timestamp":"2024-09-23T23:08:35.123Z"}
{"level":"info","message":"onRequest - completionItem/resolve","timestamp":"2024-09-23T23:08:35.124Z"}
{"level":"info","message":"onRequest - completionItem/resolve","timestamp":"2024-09-23T23:08:35.206Z"}
{"level":"info","message":"⌛ Validating src/pepita.wlk","timeElapsed":110,"timestamp":"2024-09-23T23:08:35.316Z"}
{"level":"info","message":"onRequest - completionItem/resolve","timestamp":"2024-09-23T23:08:35.472Z"}
{"errors":{"errors":[null,["/*const siguiente = direccion.siguiente(self.position())\r","if (not tablero.estaDentro(siguiente)) {\r","self.error(\"No puedo moverme fuera\")\r"]]},"level":"error","message":"✘ Failed to get type description: Error: {\n  \"errors\": [\n    null,\n    [\n      \"/*const siguiente = direccion.siguiente(self.position())\\r\",\n      \"if (not tablero.estaDentro(siguiente)) {\\r\",\n      \"self.error(\\\"No puedo moverme fuera\\\")\\r\"\n    ]\n  ]\n} {\n  \"errors\": [\n    null,\n    [\n      \"/*const siguiente = direccion.siguiente(self.position())\\r\",\n      \"if (not tablero.estaDentro(siguiente)) {\\r\",\n      \"self.error(\\\"No puedo moverme fuera\\\")\\r\"\n    ]\n  ]\n}","stack":"Error: {\n  \"errors\": [\n    null,\n    [\n      \"/*const siguiente = direccion.siguiente(self.position())\\r\",\n      \"if (not tablero.estaDentro(siguiente)) {\\r\",\n      \"self.error(\\\"No puedo moverme fuera\\\")\\r\"\n    ]\n  ]\n}\n    at toError (c:\\Users\\matia\\.vscode\\extensions\\uqbar.wollok-lsp-ide-0.3.4\\node_modules\\partial.lenses.validation\\dist\\partial.lenses.validation.cjs.js:102:15)\n    at raise (c:\\Users\\matia\\.vscode\\extensions\\uqbar.wollok-lsp-ide-0.3.4\\node_modules\\partial.lenses.validation\\dist\\partial.lenses.validation.cjs.js:108:9)\n    at c:\\Users\\matia\\.vscode\\extensions\\uqbar.wollok-lsp-ide-0.3.4\\node_modules\\partial.lenses.validation\\dist\\partial.lenses.validation.cjs.js:387:35\n    at Monad.apply (c:\\Users\\matia\\.vscode\\extensions\\uqbar.wollok-lsp-ide-0.3.4\\node_modules\\infestines\\dist\\infestines.cjs.js:242:10)\n    at intersperse (c:\\Users\\matia\\.vscode\\extensions\\uqbar.wollok-lsp-ide-0.3.4\\node_modules\\partial.lenses.validation\\dist\\partial.lenses.validation.cjs.js:386:16)\n    at intersperse (c:\\Users\\matia\\.vscode\\extensions\\uqbar.wollok-lsp-ide-0.3.4\\node_modules\\infestines\\dist\\infestines.cjs.js:73:14)\n    at splitMetadata (c:\\Users\\matia\\.vscode\\extensions\\uqbar.wollok-lsp-ide-0.3.4\\node_modules\\wollok-ts\\dist\\printer\\print.js:355:163)\n    at c:\\Users\\matia\\.vscode\\extensions\\uqbar.wollok-lsp-ide-0.3.4\\node_modules\\wollok-ts\\dist\\printer\\print.js:28:22\n    at c:\\Users\\matia\\.vscode\\extensions\\uqbar.wollok-lsp-ide-0.3.4\\node_modules\\wollok-ts\\dist\\printer\\print.js:317:96\n    at c:\\Users\\matia\\.vscode\\extensions\\uqbar.wollok-lsp-ide-0.3.4\\node_modules\\wollok-ts\\dist\\printer\\print.js:308:53","timestamp":"2024-09-23T23:08:50.916Z"}
{"level":"info","message":"⌛ Building environment","timeElapsed":125,"timestamp":"2024-09-23T23:08:54.749Z"}
{"level":"info","message":"⌛ Building environment","timeElapsed":131,"timestamp":"2024-09-23T23:08:57.631Z"}
{"level":"info","message":"⌛ Building environment","timeElapsed":105,"timestamp":"2024-09-23T23:13:20.045Z"}
{"level":"info","message":"⌛ Building environment","timeElapsed":101,"timestamp":"2024-09-23T23:13:36.369Z"}
{"level":"info","message":"⌛ Validating src/pepita.wlk","timeElapsed":102,"timestamp":"2024-09-23T23:13:36.473Z"}
{"level":"info","message":"⌛ Building environment","timeElapsed":125,"timestamp":"2024-09-23T23:13:38.981Z"}
{"level":"error","message":"✘ Completions for node failed: Error: [Send]{4ae314} at src/pepita.wlk:136 exhausted all cases without a match [Send]{4ae314} at src/pepita.wlk:136 exhausted all cases without a match","stack":"Error: [Send]{4ae314} at src/pepita.wlk:136 exhausted all cases without a match\n    at c:\\Users\\matia\\.vscode\\extensions\\uqbar.wollok-lsp-ide-0.3.4\\node_modules\\wollok-ts\\dist\\extensions.js:85:11\n    at completionsForNode (c:\\Users\\matia\\.vscode\\extensions\\uqbar.wollok-lsp-ide-0.3.4\\server\\out\\functionalities\\autocomplete\\node-completion.js:10:44)\n    at c:\\Users\\matia\\.vscode\\extensions\\uqbar.wollok-lsp-ide-0.3.4\\server\\out\\functionalities\\autocomplete\\autocomplete.js:26:154\n    at c:\\Users\\matia\\.vscode\\extensions\\uqbar.wollok-lsp-ide-0.3.4\\server\\out\\server.js:198:20\n    at c:\\Users\\matia\\.vscode\\extensions\\uqbar.wollok-lsp-ide-0.3.4\\server\\node_modules\\vscode-languageserver\\lib\\common\\server.js:593:20\n    at handleRequest (c:\\Users\\matia\\.vscode\\extensions\\uqbar.wollok-lsp-ide-0.3.4\\server\\node_modules\\vscode-jsonrpc\\lib\\common\\connection.js:493:41)\n    at handleMessage (c:\\Users\\matia\\.vscode\\extensions\\uqbar.wollok-lsp-ide-0.3.4\\server\\node_modules\\vscode-jsonrpc\\lib\\common\\connection.js:339:13)\n    at processMessageQueue (c:\\Users\\matia\\.vscode\\extensions\\uqbar.wollok-lsp-ide-0.3.4\\server\\node_modules\\vscode-jsonrpc\\lib\\common\\connection.js:362:17)\n    at Immediate._onImmediate (c:\\Users\\matia\\.vscode\\extensions\\uqbar.wollok-lsp-ide-0.3.4\\server\\node_modules\\vscode-jsonrpc\\lib\\common\\connection.js:334:13)\n    at process.processImmediate (node:internal/timers:478:21)","timestamp":"2024-09-23T23:13:39.005Z"}
{"level":"info","message":"⌛ Validating src/pepita.wlk","timeElapsed":117,"timestamp":"2024-09-23T23:13:39.125Z"}
{"level":"info","message":"onRequest - completionItem/resolve","timestamp":"2024-09-23T23:13:39.126Z"}
{"level":"error","message":"✘ Completions for node failed: Error: [Send]{5f5c2a} at src/pepita.wlk:136 exhausted all cases without a match [Send]{5f5c2a} at src/pepita.wlk:136 exhausted all cases without a match","stack":"Error: [Send]{5f5c2a} at src/pepita.wlk:136 exhausted all cases without a match\n    at c:\\Users\\matia\\.vscode\\extensions\\uqbar.wollok-lsp-ide-0.3.4\\node_modules\\wollok-ts\\dist\\extensions.js:85:11\n    at completionsForNode (c:\\Users\\matia\\.vscode\\extensions\\uqbar.wollok-lsp-ide-0.3.4\\server\\out\\functionalities\\autocomplete\\node-completion.js:10:44)\n    at c:\\Users\\matia\\.vscode\\extensions\\uqbar.wollok-lsp-ide-0.3.4\\server\\out\\functionalities\\autocomplete\\autocomplete.js:26:154\n    at c:\\Users\\matia\\.vscode\\extensions\\uqbar.wollok-lsp-ide-0.3.4\\server\\out\\server.js:198:20\n    at c:\\Users\\matia\\.vscode\\extensions\\uqbar.wollok-lsp-ide-0.3.4\\server\\node_modules\\vscode-languageserver\\lib\\common\\server.js:593:20\n    at handleRequest (c:\\Users\\matia\\.vscode\\extensions\\uqbar.wollok-lsp-ide-0.3.4\\server\\node_modules\\vscode-jsonrpc\\lib\\common\\connection.js:493:41)\n    at handleMessage (c:\\Users\\matia\\.vscode\\extensions\\uqbar.wollok-lsp-ide-0.3.4\\server\\node_modules\\vscode-jsonrpc\\lib\\common\\connection.js:339:13)\n    at processMessageQueue (c:\\Users\\matia\\.vscode\\extensions\\uqbar.wollok-lsp-ide-0.3.4\\server\\node_modules\\vscode-jsonrpc\\lib\\common\\connection.js:362:17)\n    at Immediate._onImmediate (c:\\Users\\matia\\.vscode\\extensions\\uqbar.wollok-lsp-ide-0.3.4\\server\\node_modules\\vscode-jsonrpc\\lib\\common\\connection.js:334:13)\n    at process.processImmediate (node:internal/timers:478:21)","timestamp":"2024-09-23T23:13:39.251Z"}
{"level":"info","message":"⌛ Building environment","timeElapsed":105,"timestamp":"2024-09-23T23:13:40.492Z"}
{"level":"error","message":"✘ Completions for node failed: Error: [Send]{658cdb} at src/pepita.wlk:136 exhausted all cases without a match [Send]{658cdb} at src/pepita.wlk:136 exhausted all cases without a match","stack":"Error: [Send]{658cdb} at src/pepita.wlk:136 exhausted all cases without a match\n    at c:\\Users\\matia\\.vscode\\extensions\\uqbar.wollok-lsp-ide-0.3.4\\node_modules\\wollok-ts\\dist\\extensions.js:85:11\n    at completionsForNode (c:\\Users\\matia\\.vscode\\extensions\\uqbar.wollok-lsp-ide-0.3.4\\server\\out\\functionalities\\autocomplete\\node-completion.js:10:44)\n    at c:\\Users\\matia\\.vscode\\extensions\\uqbar.wollok-lsp-ide-0.3.4\\server\\out\\functionalities\\autocomplete\\autocomplete.js:26:154\n    at c:\\Users\\matia\\.vscode\\extensions\\uqbar.wollok-lsp-ide-0.3.4\\server\\out\\server.js:198:20\n    at c:\\Users\\matia\\.vscode\\extensions\\uqbar.wollok-lsp-ide-0.3.4\\server\\node_modules\\vscode-languageserver\\lib\\common\\server.js:593:20\n    at handleRequest (c:\\Users\\matia\\.vscode\\extensions\\uqbar.wollok-lsp-ide-0.3.4\\server\\node_modules\\vscode-jsonrpc\\lib\\common\\connection.js:493:41)\n    at handleMessage (c:\\Users\\matia\\.vscode\\extensions\\uqbar.wollok-lsp-ide-0.3.4\\server\\node_modules\\vscode-jsonrpc\\lib\\common\\connection.js:339:13)\n    at processMessageQueue (c:\\Users\\matia\\.vscode\\extensions\\uqbar.wollok-lsp-ide-0.3.4\\server\\node_modules\\vscode-jsonrpc\\lib\\common\\connection.js:362:17)\n    at Immediate._onImmediate (c:\\Users\\matia\\.vscode\\extensions\\uqbar.wollok-lsp-ide-0.3.4\\server\\node_modules\\vscode-jsonrpc\\lib\\common\\connection.js:334:13)\n    at process.processImmediate (node:internal/timers:478:21)","timestamp":"2024-09-23T23:13:40.510Z"}
{"level":"error","message":"✘ Completions for node failed: Error: [Send]{789463} at src/pepita.wlk:136 exhausted all cases without a match [Send]{789463} at src/pepita.wlk:136 exhausted all cases without a match","stack":"Error: [Send]{789463} at src/pepita.wlk:136 exhausted all cases without a match\n    at c:\\Users\\matia\\.vscode\\extensions\\uqbar.wollok-lsp-ide-0.3.4\\node_modules\\wollok-ts\\dist\\extensions.js:85:11\n    at completionsForNode (c:\\Users\\matia\\.vscode\\extensions\\uqbar.wollok-lsp-ide-0.3.4\\server\\out\\functionalities\\autocomplete\\node-completion.js:10:44)\n    at c:\\Users\\matia\\.vscode\\extensions\\uqbar.wollok-lsp-ide-0.3.4\\server\\out\\functionalities\\autocomplete\\autocomplete.js:26:154\n    at c:\\Users\\matia\\.vscode\\extensions\\uqbar.wollok-lsp-ide-0.3.4\\server\\out\\server.js:198:20\n    at c:\\Users\\matia\\.vscode\\extensions\\uqbar.wollok-lsp-ide-0.3.4\\server\\node_modules\\vscode-languageserver\\lib\\common\\server.js:593:20\n    at handleRequest (c:\\Users\\matia\\.vscode\\extensions\\uqbar.wollok-lsp-ide-0.3.4\\server\\node_modules\\vscode-jsonrpc\\lib\\common\\connection.js:493:41)\n    at handleMessage (c:\\Users\\matia\\.vscode\\extensions\\uqbar.wollok-lsp-ide-0.3.4\\server\\node_modules\\vscode-jsonrpc\\lib\\common\\connection.js:339:13)\n    at processMessageQueue (c:\\Users\\matia\\.vscode\\extensions\\uqbar.wollok-lsp-ide-0.3.4\\server\\node_modules\\vscode-jsonrpc\\lib\\common\\connection.js:362:17)\n    at Immediate._onImmediate (c:\\Users\\matia\\.vscode\\extensions\\uqbar.wollok-lsp-ide-0.3.4\\server\\node_modules\\vscode-jsonrpc\\lib\\common\\connection.js:334:13)\n    at process.processImmediate (node:internal/timers:478:21)","timestamp":"2024-09-23T23:13:43.356Z"}
{"level":"info","message":"⌛ Building environment","timeElapsed":185,"timestamp":"2024-09-23T23:13:45.107Z"}
{"level":"error","message":"✘ Completions for node failed: Error: [Send]{3beb9c} at src/pepita.wlk:136 exhausted all cases without a match [Send]{3beb9c} at src/pepita.wlk:136 exhausted all cases without a match","stack":"Error: [Send]{3beb9c} at src/pepita.wlk:136 exhausted all cases without a match\n    at c:\\Users\\matia\\.vscode\\extensions\\uqbar.wollok-lsp-ide-0.3.4\\node_modules\\wollok-ts\\dist\\extensions.js:85:11\n    at completionsForNode (c:\\Users\\matia\\.vscode\\extensions\\uqbar.wollok-lsp-ide-0.3.4\\server\\out\\functionalities\\autocomplete\\node-completion.js:10:44)\n    at c:\\Users\\matia\\.vscode\\extensions\\uqbar.wollok-lsp-ide-0.3.4\\server\\out\\functionalities\\autocomplete\\autocomplete.js:26:154\n    at c:\\Users\\matia\\.vscode\\extensions\\uqbar.wollok-lsp-ide-0.3.4\\server\\out\\server.js:198:20\n    at c:\\Users\\matia\\.vscode\\extensions\\uqbar.wollok-lsp-ide-0.3.4\\server\\node_modules\\vscode-languageserver\\lib\\common\\server.js:593:20\n    at handleRequest (c:\\Users\\matia\\.vscode\\extensions\\uqbar.wollok-lsp-ide-0.3.4\\server\\node_modules\\vscode-jsonrpc\\lib\\common\\connection.js:493:41)\n    at handleMessage (c:\\Users\\matia\\.vscode\\extensions\\uqbar.wollok-lsp-ide-0.3.4\\server\\node_modules\\vscode-jsonrpc\\lib\\common\\connection.js:339:13)\n    at processMessageQueue (c:\\Users\\matia\\.vscode\\extensions\\uqbar.wollok-lsp-ide-0.3.4\\server\\node_modules\\vscode-jsonrpc\\lib\\common\\connection.js:362:17)\n    at Immediate._onImmediate (c:\\Users\\matia\\.vscode\\extensions\\uqbar.wollok-lsp-ide-0.3.4\\server\\node_modules\\vscode-jsonrpc\\lib\\common\\connection.js:334:13)\n    at process.processImmediate (node:internal/timers:478:21)","timestamp":"2024-09-23T23:13:45.162Z"}
{"level":"info","message":"⌛ Validating src/pepita.wlk","timeElapsed":126,"timestamp":"2024-09-23T23:13:45.391Z"}
{"level":"info","message":"⌛ Validating src/pepita.wlk","timeElapsed":105,"timestamp":"2024-09-23T23:13:45.495Z"}
{"level":"info","message":"⌛ Building environment","timeElapsed":104,"timestamp":"2024-09-23T23:13:45.645Z"}
{"level":"error","message":"✘ Completions for node failed: Error: [Send]{bfe7b0} at src/pepita.wlk:136 exhausted all cases without a match [Send]{bfe7b0} at src/pepita.wlk:136 exhausted all cases without a match","stack":"Error: [Send]{bfe7b0} at src/pepita.wlk:136 exhausted all cases without a match\n    at c:\\Users\\matia\\.vscode\\extensions\\uqbar.wollok-lsp-ide-0.3.4\\node_modules\\wollok-ts\\dist\\extensions.js:85:11\n    at completionsForNode (c:\\Users\\matia\\.vscode\\extensions\\uqbar.wollok-lsp-ide-0.3.4\\server\\out\\functionalities\\autocomplete\\node-completion.js:10:44)\n    at c:\\Users\\matia\\.vscode\\extensions\\uqbar.wollok-lsp-ide-0.3.4\\server\\out\\functionalities\\autocomplete\\autocomplete.js:26:154\n    at c:\\Users\\matia\\.vscode\\extensions\\uqbar.wollok-lsp-ide-0.3.4\\server\\out\\server.js:198:20\n    at c:\\Users\\matia\\.vscode\\extensions\\uqbar.wollok-lsp-ide-0.3.4\\server\\node_modules\\vscode-languageserver\\lib\\common\\server.js:593:20\n    at handleRequest (c:\\Users\\matia\\.vscode\\extensions\\uqbar.wollok-lsp-ide-0.3.4\\server\\node_modules\\vscode-jsonrpc\\lib\\common\\connection.js:493:41)\n    at handleMessage (c:\\Users\\matia\\.vscode\\extensions\\uqbar.wollok-lsp-ide-0.3.4\\server\\node_modules\\vscode-jsonrpc\\lib\\common\\connection.js:339:13)\n    at processMessageQueue (c:\\Users\\matia\\.vscode\\extensions\\uqbar.wollok-lsp-ide-0.3.4\\server\\node_modules\\vscode-jsonrpc\\lib\\common\\connection.js:362:17)\n    at Immediate._onImmediate (c:\\Users\\matia\\.vscode\\extensions\\uqbar.wollok-lsp-ide-0.3.4\\server\\node_modules\\vscode-jsonrpc\\lib\\common\\connection.js:334:13)\n    at process.processImmediate (node:internal/timers:478:21)","timestamp":"2024-09-23T23:13:45.662Z"}
{"level":"info","message":"⌛ Validating src/pepita.wlk","timeElapsed":109,"timestamp":"2024-09-23T23:13:45.853Z"}
{"level":"info","message":"⌛ Validating src/pepita.wlk","timeElapsed":106,"timestamp":"2024-09-23T23:13:45.988Z"}
{"level":"info","message":"⌛ Validating src/pepita.wlk","timeElapsed":113,"timestamp":"2024-09-23T23:13:51.018Z"}
{"level":"info","message":"⌛ Validating src/pepita.wlk","timeElapsed":103,"timestamp":"2024-09-23T23:13:51.322Z"}
{"level":"info","message":"⌛ Building environment","timeElapsed":101,"timestamp":"2024-09-23T23:13:51.452Z"}
{"level":"info","message":"⌛ Validating src/pepita.wlk","timeElapsed":104,"timestamp":"2024-09-23T23:13:51.557Z"}
{"level":"info","message":"⌛ Validating src/pepita.wlk","timeElapsed":116,"timestamp":"2024-09-23T23:13:58.809Z"}
{"level":"info","message":"⌛ Validating src/pepita.wlk","timeElapsed":102,"timestamp":"2024-09-23T23:13:59.000Z"}
{"level":"info","message":"⌛ Building environment","timeElapsed":155,"timestamp":"2024-09-23T23:14:00.133Z"}
{"level":"info","message":"⌛ Building environment","timeElapsed":152,"timestamp":"2024-09-23T23:14:00.941Z"}
{"level":"error","message":"✘ Completions for node failed: Error: [Return]{c41187} at src/pepita.wlk:-- exhausted all cases without a match [Return]{c41187} at src/pepita.wlk:-- exhausted all cases without a match","stack":"Error: [Return]{c41187} at src/pepita.wlk:-- exhausted all cases without a match\n    at c:\\Users\\matia\\.vscode\\extensions\\uqbar.wollok-lsp-ide-0.3.4\\node_modules\\wollok-ts\\dist\\extensions.js:85:11\n    at completionsForNode (c:\\Users\\matia\\.vscode\\extensions\\uqbar.wollok-lsp-ide-0.3.4\\server\\out\\functionalities\\autocomplete\\node-completion.js:10:44)\n    at completeForParent (c:\\Users\\matia\\.vscode\\extensions\\uqbar.wollok-lsp-ide-0.3.4\\server\\out\\functionalities\\autocomplete\\node-completion.js:56:43)\n    at completeReference (c:\\Users\\matia\\.vscode\\extensions\\uqbar.wollok-lsp-ide-0.3.4\\server\\out\\functionalities\\autocomplete\\node-completion.js:64:135)\n    at c:\\Users\\matia\\.vscode\\extensions\\uqbar.wollok-lsp-ide-0.3.4\\node_modules\\wollok-ts\\dist\\extensions.js:84:20\n    at completionsForNode (c:\\Users\\matia\\.vscode\\extensions\\uqbar.wollok-lsp-ide-0.3.4\\server\\out\\functionalities\\autocomplete\\node-completion.js:10:44)\n    at c:\\Users\\matia\\.vscode\\extensions\\uqbar.wollok-lsp-ide-0.3.4\\server\\out\\functionalities\\autocomplete\\autocomplete.js:26:154\n    at c:\\Users\\matia\\.vscode\\extensions\\uqbar.wollok-lsp-ide-0.3.4\\server\\out\\server.js:198:20\n    at c:\\Users\\matia\\.vscode\\extensions\\uqbar.wollok-lsp-ide-0.3.4\\server\\node_modules\\vscode-languageserver\\lib\\common\\server.js:593:20\n    at handleRequest (c:\\Users\\matia\\.vscode\\extensions\\uqbar.wollok-lsp-ide-0.3.4\\server\\node_modules\\vscode-jsonrpc\\lib\\common\\connection.js:493:41)","timestamp":"2024-09-23T23:14:00.966Z"}
{"level":"info","message":"⌛ Validating src/pepita.wlk","timeElapsed":118,"timestamp":"2024-09-23T23:14:01.184Z"}
{"level":"info","message":"onRequest - completionItem/resolve","timestamp":"2024-09-23T23:14:01.184Z"}
{"level":"info","message":"onRequest - completionItem/resolve","timestamp":"2024-09-23T23:14:01.276Z"}
{"level":"info","message":"onRequest - completionItem/resolve","timestamp":"2024-09-23T23:14:01.503Z"}
{"level":"info","message":"⌛ Validating src/pepita.wlk","timeElapsed":101,"timestamp":"2024-09-23T23:14:01.605Z"}
{"level":"info","message":"⌛ Validating src/pepita.wlk","timeElapsed":132,"timestamp":"2024-09-23T23:14:04.203Z"}
{"level":"info","message":"onRequest - completionItem/resolve","timestamp":"2024-09-23T23:14:04.206Z"}
{"level":"info","message":"onRequest - completionItem/resolve","timestamp":"2024-09-23T23:14:04.291Z"}
{"level":"info","message":"⌛ Building environment","timeElapsed":115,"timestamp":"2024-09-23T23:14:04.831Z"}
{"level":"info","message":"onRequest - completionItem/resolve","timestamp":"2024-09-23T23:14:04.832Z"}
{"level":"info","message":"⌛ Validating src/pepita.wlk","timeElapsed":232,"timestamp":"2024-09-23T23:14:05.063Z"}
{"level":"info","message":"onRequest - completionItem/resolve","timestamp":"2024-09-23T23:14:05.147Z"}
{"level":"info","message":"onRequest - completionItem/resolve","timestamp":"2024-09-23T23:14:05.241Z"}
{"level":"info","message":"⌛ Building environment","timeElapsed":103,"timestamp":"2024-09-23T23:14:08.954Z"}
{"level":"info","message":"⌛ Validating src/pepita.wlk","timeElapsed":103,"timestamp":"2024-09-23T23:14:09.058Z"}
{"level":"info","message":"⌛ Validating src/pepita.wlk","timeElapsed":134,"timestamp":"2024-09-23T23:14:18.997Z"}
{"level":"info","message":"⌛ Building environment","timeElapsed":102,"timestamp":"2024-09-23T23:14:19.229Z"}
